# JRE version: OpenJDK Runtime Environment (8.0_152-b01) (build 1.8.0_152-release-1248-b01)
# Java VM: OpenJDK 64-Bit Server VM (25.152-b01 mixed mode windows-amd64 compressed oops)
Heap:
 PSYoungGen      total 469504K, used 456075K [0x00000000e0000000, 0x0000000100000000, 0x0000000100000000)
  eden space 422912K, 99% used [0x00000000e0000000,0x00000000f9c1e2b8,0x00000000f9d00000)
  from space 46592K, 73% used [0x00000000fcd80000,0x00000000feec4cc8,0x00000000ffb00000)
  to   space 49664K, 0% used [0x00000000f9d00000,0x00000000f9d00000,0x00000000fcd80000)
 ParOldGen       total 214528K, used 84892K [0x00000000a0000000, 0x00000000ad180000, 0x00000000e0000000)
  object space 214528K, 39% used [0x00000000a0000000,0x00000000a52e73c0,0x00000000ad180000)
 Metaspace       used 99929K, capacity 104348K, committed 104616K, reserved 1140736K
  class space    used 12887K, capacity 13923K, committed 13992K, reserved 1048576K
GC Heap History (10 events):
Event: 657.613 GC heap before
{Heap before GC invocations=16 (full 3):
 PSYoungGen      total 476160K, used 457390K [0x00000000e0000000, 0x0000000100000000, 0x0000000100000000)
  eden space 429056K, 100% used [0x00000000e0000000,0x00000000fa300000,0x00000000fa300000)
  from space 47104K, 60% used [0x00000000fd200000,0x00000000fedab918,0x0000000100000000)
  to   space 47616K, 0% used [0x00000000fa300000,0x00000000fa300000,0x00000000fd180000)
 ParOldGen       total 137728K, used 108942K [0x00000000a0000000, 0x00000000a8680000, 0x00000000e0000000)
  object space 137728K, 79% used [0x00000000a0000000,0x00000000a6a63b20,0x00000000a8680000)
 Metaspace       used 91461K, capacity 94788K, committed 95144K, reserved 1132544K
  class space    used 12055K, capacity 12877K, committed 12968K, reserved 1048576K
Event: 657.685 GC heap after
Heap after GC invocations=16 (full 3):
 PSYoungGen      total 460800K, used 31364K [0x00000000e0000000, 0x0000000100000000, 0x0000000100000000)
  eden space 429056K, 0% used [0x00000000e0000000,0x00000000e0000000,0x00000000fa300000)
  from space 31744K, 98% used [0x00000000fa300000,0x00000000fc1a10a8,0x00000000fc200000)
  to   space 49152K, 0% used [0x00000000fd000000,0x00000000fd000000,0x0000000100000000)
 ParOldGen       total 137728K, used 108950K [0x00000000a0000000, 0x00000000a8680000, 0x00000000e0000000)
  object space 137728K, 79% used [0x00000000a0000000,0x00000000a6a65b20,0x00000000a8680000)
 Metaspace       used 91461K, capacity 94788K, committed 95144K, reserved 1132544K
  class space    used 12055K, capacity 12877K, committed 12968K, reserved 1048576K
}
Event: 659.108 GC heap before
{Heap before GC invocations=17 (full 3):
 PSYoungGen      total 460800K, used 460420K [0x00000000e0000000, 0x0000000100000000, 0x0000000100000000)
  eden space 429056K, 100% used [0x00000000e0000000,0x00000000fa300000,0x00000000fa300000)
  from space 31744K, 98% used [0x00000000fa300000,0x00000000fc1a10a8,0x00000000fc200000)
  to   space 49152K, 0% used [0x00000000fd000000,0x00000000fd000000,0x0000000100000000)
 ParOldGen       total 137728K, used 108950K [0x00000000a0000000, 0x00000000a8680000, 0x00000000e0000000)
  object space 137728K, 79% used [0x00000000a0000000,0x00000000a6a65b20,0x00000000a8680000)
 Metaspace       used 91524K, capacity 94864K, committed 95144K, reserved 1132544K
  class space    used 12057K, capacity 12879K, committed 12968K, reserved 1048576K
Event: 659.167 GC heap after
Heap after GC invocations=17 (full 3):
 PSYoungGen      total 475136K, used 5018K [0x00000000e0000000, 0x0000000100000000, 0x0000000100000000)
  eden space 425984K, 0% used [0x00000000e0000000,0x00000000e0000000,0x00000000fa000000)
  from space 49152K, 10% used [0x00000000fd000000,0x00000000fd4e6810,0x0000000100000000)
  to   space 49152K, 0% used [0x00000000fa000000,0x00000000fa000000,0x00000000fd000000)
 ParOldGen       total 137728K, used 131271K [0x00000000a0000000, 0x00000000a8680000, 0x00000000e0000000)
  object space 137728K, 95% used [0x00000000a0000000,0x00000000a8031ec8,0x00000000a8680000)
 Metaspace       used 91524K, capacity 94864K, committed 95144K, reserved 1132544K
  class space    used 12057K, capacity 12879K, committed 12968K, reserved 1048576K
}
Event: 659.167 GC heap before
{Heap before GC invocations=18 (full 4):
 PSYoungGen      total 475136K, used 5018K [0x00000000e0000000, 0x0000000100000000, 0x0000000100000000)
  eden space 425984K, 0% used [0x00000000e0000000,0x00000000e0000000,0x00000000fa000000)
  from space 49152K, 10% used [0x00000000fd000000,0x00000000fd4e6810,0x0000000100000000)
  to   space 49152K, 0% used [0x00000000fa000000,0x00000000fa000000,0x00000000fd000000)
 ParOldGen       total 137728K, used 131271K [0x00000000a0000000, 0x00000000a8680000, 0x00000000e0000000)
  object space 137728K, 95% used [0x00000000a0000000,0x00000000a8031ec8,0x00000000a8680000)
 Metaspace       used 91524K, capacity 94864K, committed 95144K, reserved 1132544K
  class space    used 12057K, capacity 12879K, committed 12968K, reserved 1048576K
Event: 659.406 GC heap after
Heap after GC invocations=18 (full 4):
 PSYoungGen      total 475136K, used 0K [0x00000000e0000000, 0x0000000100000000, 0x0000000100000000)
  eden space 425984K, 0% used [0x00000000e0000000,0x00000000e0000000,0x00000000fa000000)
  from space 49152K, 0% used [0x00000000fd000000,0x00000000fd000000,0x0000000100000000)
  to   space 49152K, 0% used [0x00000000fa000000,0x00000000fa000000,0x00000000fd000000)
 ParOldGen       total 214528K, used 78401K [0x00000000a0000000, 0x00000000ad180000, 0x00000000e0000000)
  object space 214528K, 36% used [0x00000000a0000000,0x00000000a4c906d8,0x00000000ad180000)
 Metaspace       used 91470K, capacity 94740K, committed 95144K, reserved 1132544K
  class space    used 12040K, capacity 12859K, committed 12968K, reserved 1048576K
}
Event: 662.574 GC heap before
{Heap before GC invocations=19 (full 4):
 PSYoungGen      total 475136K, used 425984K [0x00000000e0000000, 0x0000000100000000, 0x0000000100000000)
  eden space 425984K, 100% used [0x00000000e0000000,0x00000000fa000000,0x00000000fa000000)
  from space 49152K, 0% used [0x00000000fd000000,0x00000000fd000000,0x0000000100000000)
  to   space 49152K, 0% used [0x00000000fa000000,0x00000000fa000000,0x00000000fd000000)
 ParOldGen       total 214528K, used 78401K [0x00000000a0000000, 0x00000000ad180000, 0x00000000e0000000)
  object space 214528K, 36% used [0x00000000a0000000,0x00000000a4c906d8,0x00000000ad180000)
 Metaspace       used 94119K, capacity 97810K, committed 98088K, reserved 1134592K
  class space    used 12357K, capacity 13248K, committed 13352K, reserved 1048576K
Event: 662.615 GC heap after
Heap after GC invocations=19 (full 4):
 PSYoungGen      total 441344K, used 15212K [0x00000000e0000000, 0x00000000ffb00000, 0x0000000100000000)
  eden space 425984K, 0% used [0x00000000e0000000,0x00000000e0000000,0x00000000fa000000)
  from space 15360K, 99% used [0x00000000fa000000,0x00000000faedb128,0x00000000faf00000)
  to   space 46592K, 0% used [0x00000000fcd80000,0x00000000fcd80000,0x00000000ffb00000)
 ParOldGen       total 214528K, used 78409K [0x00000000a0000000, 0x00000000ad180000, 0x00000000e0000000)
  object space 214528K, 36% used [0x00000000a0000000,0x00000000a4c926d8,0x00000000ad180000)
 Metaspace       used 94119K, capacity 97810K, committed 98088K, reserved 1134592K
  class space    used 12357K, capacity 13248K, committed 13352K, reserved 1048576K
}
Event: 775.828 GC heap before
{Heap before GC invocations=20 (full 4):
 PSYoungGen      total 441344K, used 441196K [0x00000000e0000000, 0x00000000ffb00000, 0x0000000100000000)
  eden space 425984K, 100% used [0x00000000e0000000,0x00000000fa000000,0x00000000fa000000)
  from space 15360K, 99% used [0x00000000fa000000,0x00000000faedb128,0x00000000faf00000)
  to   space 46592K, 0% used [0x00000000fcd80000,0x00000000fcd80000,0x00000000ffb00000)
 ParOldGen       total 214528K, used 78409K [0x00000000a0000000, 0x00000000ad180000, 0x00000000e0000000)
  object space 214528K, 36% used [0x00000000a0000000,0x00000000a4c926d8,0x00000000ad180000)
 Metaspace       used 98388K, capacity 102402K, committed 102568K, reserved 1138688K
  class space    used 12717K, capacity 13649K, committed 13736K, reserved 1048576K
Event: 775.945 GC heap after
Heap after GC invocations=20 (full 4):
 PSYoungGen      total 469504K, used 34067K [0x00000000e0000000, 0x0000000100000000, 0x0000000100000000)
  eden space 422912K, 0% used [0x00000000e0000000,0x00000000e0000000,0x00000000f9d00000)
  from space 46592K, 73% used [0x00000000fcd80000,0x00000000feec4cc8,0x00000000ffb00000)
  to   space 49664K, 0% used [0x00000000f9d00000,0x00000000f9d00000,0x00000000fcd80000)
 ParOldGen       total 214528K, used 84892K [0x00000000a0000000, 0x00000000ad180000, 0x00000000e0000000)
  object space 214528K, 39% used [0x00000000a0000000,0x00000000a52e73c0,0x00000000ad180000)
 Metaspace       used 98388K, capacity 102402K, committed 102568K, reserved 1138688K
  class space    used 12717K, capacity 13649K, committed 13736K, reserved 1048576K
}

