# JRE version: OpenJDK Runtime Environment (8.0_152-b01) (build 1.8.0_152-release-1248-b01)
# Java VM: OpenJDK 64-Bit Server VM (25.152-b01 mixed mode windows-amd64 compressed oops)
Heap:
 PSYoungGen      total 468992K, used 250377K [0x00000000e0000000, 0x0000000100000000, 0x0000000100000000)
  eden space 413696K, 58% used [0x00000000e0000000,0x00000000eee37870,0x00000000f9400000)
  from space 55296K, 11% used [0x00000000f9400000,0x00000000f9a4ae30,0x00000000fca00000)
  to   space 54272K, 0% used [0x00000000fcb00000,0x00000000fcb00000,0x0000000100000000)
 ParOldGen       total 216576K, used 105441K [0x00000000a0000000, 0x00000000ad380000, 0x00000000e0000000)
  object space 216576K, 48% used [0x00000000a0000000,0x00000000a66f8650,0x00000000ad380000)
 Metaspace       used 99093K, capacity 102422K, committed 102680K, reserved 1138688K
  class space    used 12366K, capacity 13062K, committed 13104K, reserved 1048576K
GC Heap History (10 events):
Event: 60.636 GC heap before
{Heap before GC invocations=20 (full 4):
 PSYoungGen      total 343552K, used 343539K [0x00000000e0000000, 0x00000000fed80000, 0x0000000100000000)
  eden space 307200K, 100% used [0x00000000e0000000,0x00000000f2c00000,0x00000000f2c00000)
  from space 36352K, 99% used [0x00000000f2c00000,0x00000000f4f7cfd0,0x00000000f4f80000)
  to   space 47104K, 0% used [0x00000000fbf80000,0x00000000fbf80000,0x00000000fed80000)
 ParOldGen       total 150016K, used 73995K [0x00000000a0000000, 0x00000000a9280000, 0x00000000e0000000)
  object space 150016K, 49% used [0x00000000a0000000,0x00000000a4842d30,0x00000000a9280000)
 Metaspace       used 85140K, capacity 87292K, committed 87576K, reserved 1126400K
  class space    used 10712K, capacity 11216K, committed 11312K, reserved 1048576K
Event: 60.666 GC heap after
Heap after GC invocations=20 (full 4):
 PSYoungGen      total 438784K, used 4035K [0x00000000e0000000, 0x00000000fe380000, 0x0000000100000000)
  eden space 401920K, 0% used [0x00000000e0000000,0x00000000e0000000,0x00000000f8880000)
  from space 36864K, 10% used [0x00000000fbf80000,0x00000000fc370ef0,0x00000000fe380000)
  to   space 46592K, 0% used [0x00000000f8880000,0x00000000f8880000,0x00000000fb600000)
 ParOldGen       total 150016K, used 109331K [0x00000000a0000000, 0x00000000a9280000, 0x00000000e0000000)
  object space 150016K, 72% used [0x00000000a0000000,0x00000000a6ac4d00,0x00000000a9280000)
 Metaspace       used 85140K, capacity 87292K, committed 87576K, reserved 1126400K
  class space    used 10712K, capacity 11216K, committed 11312K, reserved 1048576K
}
Event: 66.473 GC heap before
{Heap before GC invocations=21 (full 4):
 PSYoungGen      total 438784K, used 405955K [0x00000000e0000000, 0x00000000fe380000, 0x0000000100000000)
  eden space 401920K, 100% used [0x00000000e0000000,0x00000000f8880000,0x00000000f8880000)
  from space 36864K, 10% used [0x00000000fbf80000,0x00000000fc370ef0,0x00000000fe380000)
  to   space 46592K, 0% used [0x00000000f8880000,0x00000000f8880000,0x00000000fb600000)
 ParOldGen       total 150016K, used 109331K [0x00000000a0000000, 0x00000000a9280000, 0x00000000e0000000)
  object space 150016K, 72% used [0x00000000a0000000,0x00000000a6ac4d00,0x00000000a9280000)
 Metaspace       used 94786K, capacity 97748K, committed 98072K, reserved 1134592K
  class space    used 11888K, capacity 12522K, committed 12592K, reserved 1048576K
Event: 66.614 GC heap after
Heap after GC invocations=21 (full 4):
 PSYoungGen      total 448512K, used 17283K [0x00000000e0000000, 0x0000000100000000, 0x0000000100000000)
  eden space 401920K, 0% used [0x00000000e0000000,0x00000000e0000000,0x00000000f8880000)
  from space 46592K, 37% used [0x00000000f8880000,0x00000000f9960e68,0x00000000fb600000)
  to   space 44032K, 0% used [0x00000000fd500000,0x00000000fd500000,0x0000000100000000)
 ParOldGen       total 150016K, used 110879K [0x00000000a0000000, 0x00000000a9280000, 0x00000000e0000000)
  object space 150016K, 73% used [0x00000000a0000000,0x00000000a6c47d60,0x00000000a9280000)
 Metaspace       used 94786K, capacity 97748K, committed 98072K, reserved 1134592K
  class space    used 11888K, capacity 12522K, committed 12592K, reserved 1048576K
}
Event: 68.401 GC heap before
{Heap before GC invocations=22 (full 4):
 PSYoungGen      total 448512K, used 419203K [0x00000000e0000000, 0x0000000100000000, 0x0000000100000000)
  eden space 401920K, 100% used [0x00000000e0000000,0x00000000f8880000,0x00000000f8880000)
  from space 46592K, 37% used [0x00000000f8880000,0x00000000f9960e68,0x00000000fb600000)
  to   space 44032K, 0% used [0x00000000fd500000,0x00000000fd500000,0x0000000100000000)
 ParOldGen       total 150016K, used 110879K [0x00000000a0000000, 0x00000000a9280000, 0x00000000e0000000)
  object space 150016K, 73% used [0x00000000a0000000,0x00000000a6c47d60,0x00000000a9280000)
 Metaspace       used 95919K, capacity 99046K, committed 99224K, reserved 1136640K
  class space    used 11976K, capacity 12645K, committed 12720K, reserved 1048576K
Event: 68.464 GC heap after
Heap after GC invocations=22 (full 4):
 PSYoungGen      total 457728K, used 44029K [0x00000000e0000000, 0x0000000100000000, 0x0000000100000000)
  eden space 413696K, 0% used [0x00000000e0000000,0x00000000e0000000,0x00000000f9400000)
  from space 44032K, 99% used [0x00000000fd500000,0x00000000fffff4e0,0x0000000100000000)
  to   space 55296K, 0% used [0x00000000f9400000,0x00000000f9400000,0x00000000fca00000)
 ParOldGen       total 150016K, used 121573K [0x00000000a0000000, 0x00000000a9280000, 0x00000000e0000000)
  object space 150016K, 81% used [0x00000000a0000000,0x00000000a76b9430,0x00000000a9280000)
 Metaspace       used 95919K, capacity 99046K, committed 99224K, reserved 1136640K
  class space    used 11976K, capacity 12645K, committed 12720K, reserved 1048576K
}
Event: 68.464 GC heap before
{Heap before GC invocations=23 (full 5):
 PSYoungGen      total 457728K, used 44029K [0x00000000e0000000, 0x0000000100000000, 0x0000000100000000)
  eden space 413696K, 0% used [0x00000000e0000000,0x00000000e0000000,0x00000000f9400000)
  from space 44032K, 99% used [0x00000000fd500000,0x00000000fffff4e0,0x0000000100000000)
  to   space 55296K, 0% used [0x00000000f9400000,0x00000000f9400000,0x00000000fca00000)
 ParOldGen       total 150016K, used 121573K [0x00000000a0000000, 0x00000000a9280000, 0x00000000e0000000)
  object space 150016K, 81% used [0x00000000a0000000,0x00000000a76b9430,0x00000000a9280000)
 Metaspace       used 95919K, capacity 99046K, committed 99224K, reserved 1136640K
  class space    used 11976K, capacity 12645K, committed 12720K, reserved 1048576K
Event: 68.844 GC heap after
Heap after GC invocations=23 (full 5):
 PSYoungGen      total 457728K, used 0K [0x00000000e0000000, 0x0000000100000000, 0x0000000100000000)
  eden space 413696K, 0% used [0x00000000e0000000,0x00000000e0000000,0x00000000f9400000)
  from space 44032K, 0% used [0x00000000fd500000,0x00000000fd500000,0x0000000100000000)
  to   space 55296K, 0% used [0x00000000f9400000,0x00000000f9400000,0x00000000fca00000)
 ParOldGen       total 216576K, used 105433K [0x00000000a0000000, 0x00000000ad380000, 0x00000000e0000000)
  object space 216576K, 48% used [0x00000000a0000000,0x00000000a66f6650,0x00000000ad380000)
 Metaspace       used 95790K, capacity 98732K, committed 99224K, reserved 1136640K
  class space    used 11931K, capacity 12567K, committed 12720K, reserved 1048576K
}
Event: 72.847 GC heap before
{Heap before GC invocations=24 (full 5):
 PSYoungGen      total 457728K, used 413073K [0x00000000e0000000, 0x0000000100000000, 0x0000000100000000)
  eden space 413696K, 99% used [0x00000000e0000000,0x00000000f9364650,0x00000000f9400000)
  from space 44032K, 0% used [0x00000000fd500000,0x00000000fd500000,0x0000000100000000)
  to   space 55296K, 0% used [0x00000000f9400000,0x00000000f9400000,0x00000000fca00000)
 ParOldGen       total 216576K, used 105433K [0x00000000a0000000, 0x00000000ad380000, 0x00000000e0000000)
  object space 216576K, 48% used [0x00000000a0000000,0x00000000a66f6650,0x00000000ad380000)
 Metaspace       used 96130K, capacity 99086K, committed 99480K, reserved 1136640K
  class space    used 11973K, capacity 12606K, committed 12720K, reserved 1048576K
Event: 72.854 GC heap after
Heap after GC invocations=24 (full 5):
 PSYoungGen      total 468992K, used 6443K [0x00000000e0000000, 0x0000000100000000, 0x0000000100000000)
  eden space 413696K, 0% used [0x00000000e0000000,0x00000000e0000000,0x00000000f9400000)
  from space 55296K, 11% used [0x00000000f9400000,0x00000000f9a4ae30,0x00000000fca00000)
  to   space 54272K, 0% used [0x00000000fcb00000,0x00000000fcb00000,0x0000000100000000)
 ParOldGen       total 216576K, used 105441K [0x00000000a0000000, 0x00000000ad380000, 0x00000000e0000000)
  object space 216576K, 48% used [0x00000000a0000000,0x00000000a66f8650,0x00000000ad380000)
 Metaspace       used 96130K, capacity 99086K, committed 99480K, reserved 1136640K
  class space    used 11973K, capacity 12606K, committed 12720K, reserved 1048576K
}

