# JRE version: OpenJDK Runtime Environment (8.0_152-b01) (build 1.8.0_152-release-1248-b01)
# Java VM: OpenJDK 64-Bit Server VM (25.152-b01 mixed mode windows-amd64 compressed oops)
Heap:
 PSYoungGen      total 448512K, used 204981K [0x00000000e0000000, 0x0000000100000000, 0x0000000100000000)
  eden space 381952K, 40% used [0x00000000e0000000,0x00000000e97ee8b8,0x00000000f7500000)
  from space 66560K, 74% used [0x00000000fbf00000,0x00000000fef3ecf8,0x0000000100000000)
  to   space 71168K, 0% used [0x00000000f7500000,0x00000000f7500000,0x00000000fba80000)
 ParOldGen       total 284672K, used 106621K [0x00000000a0000000, 0x00000000b1600000, 0x00000000e0000000)
  object space 284672K, 37% used [0x00000000a0000000,0x00000000a681f748,0x00000000b1600000)
 Metaspace       used 140303K, capacity 146112K, committed 147888K, reserved 1179648K
  class space    used 17104K, capacity 18224K, committed 18608K, reserved 1048576K
GC Heap History (10 events):
Event: 22440.066 GC heap before
{Heap before GC invocations=33 (full 4):
 PSYoungGen      total 482816K, used 470297K [0x00000000e0000000, 0x00000000ffb00000, 0x0000000100000000)
  eden space 453632K, 100% used [0x00000000e0000000,0x00000000fbb00000,0x00000000fbb00000)
  from space 29184K, 57% used [0x00000000fde80000,0x00000000feec65c8,0x00000000ffb00000)
  to   space 32768K, 0% used [0x00000000fbb00000,0x00000000fbb00000,0x00000000fdb00000)
 ParOldGen       total 159232K, used 96868K [0x00000000a0000000, 0x00000000a9b80000, 0x00000000e0000000)
  object space 159232K, 60% used [0x00000000a0000000,0x00000000a5e992f0,0x00000000a9b80000)
 Metaspace       used 126020K, capacity 132690K, committed 132912K, reserved 1165312K
  class space    used 15624K, capacity 16873K, committed 16944K, reserved 1048576K
Event: 22440.111 GC heap after
Heap after GC invocations=33 (full 4):
 PSYoungGen      total 486400K, used 32756K [0x00000000e0000000, 0x0000000100000000, 0x0000000100000000)
  eden space 453632K, 0% used [0x00000000e0000000,0x00000000e0000000,0x00000000fbb00000)
  from space 32768K, 99% used [0x00000000fbb00000,0x00000000fdafd2e8,0x00000000fdb00000)
  to   space 37888K, 0% used [0x00000000fdb00000,0x00000000fdb00000,0x0000000100000000)
 ParOldGen       total 159232K, used 113563K [0x00000000a0000000, 0x00000000a9b80000, 0x00000000e0000000)
  object space 159232K, 71% used [0x00000000a0000000,0x00000000a6ee6ef8,0x00000000a9b80000)
 Metaspace       used 126020K, capacity 132690K, committed 132912K, reserved 1165312K
  class space    used 15624K, capacity 16873K, committed 16944K, reserved 1048576K
}
Event: 22511.411 GC heap before
{Heap before GC invocations=34 (full 4):
 PSYoungGen      total 486400K, used 486388K [0x00000000e0000000, 0x0000000100000000, 0x0000000100000000)
  eden space 453632K, 100% used [0x00000000e0000000,0x00000000fbb00000,0x00000000fbb00000)
  from space 32768K, 99% used [0x00000000fbb00000,0x00000000fdafd2e8,0x00000000fdb00000)
  to   space 37888K, 0% used [0x00000000fdb00000,0x00000000fdb00000,0x0000000100000000)
 ParOldGen       total 159232K, used 113563K [0x00000000a0000000, 0x00000000a9b80000, 0x00000000e0000000)
  object space 159232K, 71% used [0x00000000a0000000,0x00000000a6ee6ef8,0x00000000a9b80000)
 Metaspace       used 135069K, capacity 141904K, committed 142256K, reserved 1173504K
  class space    used 16660K, capacity 17992K, committed 18096K, reserved 1048576K
Event: 22511.481 GC heap after
Heap after GC invocations=34 (full 4):
 PSYoungGen      total 430080K, used 37860K [0x00000000e0000000, 0x0000000100000000, 0x0000000100000000)
  eden space 392192K, 0% used [0x00000000e0000000,0x00000000e0000000,0x00000000f7f00000)
  from space 37888K, 99% used [0x00000000fdb00000,0x00000000ffff9228,0x0000000100000000)
  to   space 66048K, 0% used [0x00000000f7f00000,0x00000000f7f00000,0x00000000fbf80000)
 ParOldGen       total 162304K, used 162093K [0x00000000a0000000, 0x00000000a9e80000, 0x00000000e0000000)
  object space 162304K, 99% used [0x00000000a0000000,0x00000000a9e4b7e0,0x00000000a9e80000)
 Metaspace       used 135069K, capacity 141904K, committed 142256K, reserved 1173504K
  class space    used 16660K, capacity 17992K, committed 18096K, reserved 1048576K
}
Event: 22511.482 GC heap before
{Heap before GC invocations=35 (full 5):
 PSYoungGen      total 430080K, used 37860K [0x00000000e0000000, 0x0000000100000000, 0x0000000100000000)
  eden space 392192K, 0% used [0x00000000e0000000,0x00000000e0000000,0x00000000f7f00000)
  from space 37888K, 99% used [0x00000000fdb00000,0x00000000ffff9228,0x0000000100000000)
  to   space 66048K, 0% used [0x00000000f7f00000,0x00000000f7f00000,0x00000000fbf80000)
 ParOldGen       total 162304K, used 162093K [0x00000000a0000000, 0x00000000a9e80000, 0x00000000e0000000)
  object space 162304K, 99% used [0x00000000a0000000,0x00000000a9e4b7e0,0x00000000a9e80000)
 Metaspace       used 135069K, capacity 141904K, committed 142256K, reserved 1173504K
  class space    used 16660K, capacity 17992K, committed 18096K, reserved 1048576K
Event: 22515.654 GC heap after
Heap after GC invocations=35 (full 5):
 PSYoungGen      total 430080K, used 0K [0x00000000e0000000, 0x0000000100000000, 0x0000000100000000)
  eden space 392192K, 0% used [0x00000000e0000000,0x00000000e0000000,0x00000000f7f00000)
  from space 37888K, 0% used [0x00000000fdb00000,0x00000000fdb00000,0x0000000100000000)
  to   space 66048K, 0% used [0x00000000f7f00000,0x00000000f7f00000,0x00000000fbf80000)
 ParOldGen       total 284672K, used 106605K [0x00000000a0000000, 0x00000000b1600000, 0x00000000e0000000)
  object space 284672K, 37% used [0x00000000a0000000,0x00000000a681b748,0x00000000b1600000)
 Metaspace       used 133720K, capacity 139218K, committed 142256K, reserved 1173504K
  class space    used 16406K, capacity 17467K, committed 18096K, reserved 1048576K
}
Event: 22520.597 GC heap before
{Heap before GC invocations=36 (full 5):
 PSYoungGen      total 430080K, used 392192K [0x00000000e0000000, 0x0000000100000000, 0x0000000100000000)
  eden space 392192K, 100% used [0x00000000e0000000,0x00000000f7f00000,0x00000000f7f00000)
  from space 37888K, 0% used [0x00000000fdb00000,0x00000000fdb00000,0x0000000100000000)
  to   space 66048K, 0% used [0x00000000f7f00000,0x00000000f7f00000,0x00000000fbf80000)
 ParOldGen       total 284672K, used 106605K [0x00000000a0000000, 0x00000000b1600000, 0x00000000e0000000)
  object space 284672K, 37% used [0x00000000a0000000,0x00000000a681b748,0x00000000b1600000)
 Metaspace       used 139785K, capacity 145510K, committed 147376K, reserved 1177600K
  class space    used 17085K, capacity 18175K, committed 18608K, reserved 1048576K
Event: 22520.635 GC heap after
Heap after GC invocations=36 (full 5):
 PSYoungGen      total 430080K, used 37491K [0x00000000e0000000, 0x0000000100000000, 0x0000000100000000)
  eden space 392192K, 0% used [0x00000000e0000000,0x00000000e0000000,0x00000000f7f00000)
  from space 37888K, 98% used [0x00000000f7f00000,0x00000000fa39ce20,0x00000000fa400000)
  to   space 66560K, 0% used [0x00000000fbf00000,0x00000000fbf00000,0x0000000100000000)
 ParOldGen       total 284672K, used 106613K [0x00000000a0000000, 0x00000000b1600000, 0x00000000e0000000)
  object space 284672K, 37% used [0x00000000a0000000,0x00000000a681d748,0x00000000b1600000)
 Metaspace       used 139785K, capacity 145510K, committed 147376K, reserved 1177600K
  class space    used 17085K, capacity 18175K, committed 18608K, reserved 1048576K
}
Event: 22523.447 GC heap before
{Heap before GC invocations=37 (full 5):
 PSYoungGen      total 430080K, used 429683K [0x00000000e0000000, 0x0000000100000000, 0x0000000100000000)
  eden space 392192K, 100% used [0x00000000e0000000,0x00000000f7f00000,0x00000000f7f00000)
  from space 37888K, 98% used [0x00000000f7f00000,0x00000000fa39ce20,0x00000000fa400000)
  to   space 66560K, 0% used [0x00000000fbf00000,0x00000000fbf00000,0x0000000100000000)
 ParOldGen       total 284672K, used 106613K [0x00000000a0000000, 0x00000000b1600000, 0x00000000e0000000)
  object space 284672K, 37% used [0x00000000a0000000,0x00000000a681d748,0x00000000b1600000)
 Metaspace       used 140261K, capacity 146030K, committed 147888K, reserved 1179648K
  class space    used 17102K, capacity 18221K, committed 18608K, reserved 1048576K
Event: 22523.484 GC heap after
Heap after GC invocations=37 (full 5):
 PSYoungGen      total 448512K, used 49403K [0x00000000e0000000, 0x0000000100000000, 0x0000000100000000)
  eden space 381952K, 0% used [0x00000000e0000000,0x00000000e0000000,0x00000000f7500000)
  from space 66560K, 74% used [0x00000000fbf00000,0x00000000fef3ecf8,0x0000000100000000)
  to   space 71168K, 0% used [0x00000000f7500000,0x00000000f7500000,0x00000000fba80000)
 ParOldGen       total 284672K, used 106621K [0x00000000a0000000, 0x00000000b1600000, 0x00000000e0000000)
  object space 284672K, 37% used [0x00000000a0000000,0x00000000a681f748,0x00000000b1600000)
 Metaspace       used 140261K, capacity 146030K, committed 147888K, reserved 1179648K
  class space    used 17102K, capacity 18221K, committed 18608K, reserved 1048576K
}

